
> @indexnow/shared@1.0.0 build C:\Users\Administrator\Desktop\indexnow-main\indexnow-dev\packages\shared
> tsup

[34mCLI[39m Building entry: src/index.ts, src/schema.ts
[34mCLI[39m Using tsconfig: tsconfig.json
[34mCLI[39m tsup v8.5.1
[34mCLI[39m Using tsup config: C:\Users\Administrator\Desktop\indexnow-main\indexnow-dev\packages\shared\tsup.config.ts
[34mCLI[39m Target: es2020
[34mCLI[39m Cleaning output folder
[34mCJS[39m Build start
[34mESM[39m Build start
[32mESM[39m [1mdist\schema.mjs     [22m[32m19.77 KB[39m
[32mESM[39m [1mdist\index.mjs      [22m[32m178.54 KB[39m
[32mESM[39m [1mdist\schema.mjs.map [22m[32m42.16 KB[39m
[32mESM[39m [1mdist\index.mjs.map  [22m[32m352.87 KB[39m
[32mESM[39m ⚡️ Build success in 234ms
[32mCJS[39m [1mdist\schema.js     [22m[32m24.13 KB[39m
[32mCJS[39m [1mdist\index.js      [22m[32m188.97 KB[39m
[32mCJS[39m [1mdist\schema.js.map [22m[32m42.09 KB[39m
[32mCJS[39m [1mdist\index.js.map  [22m[32m355.69 KB[39m
[32mCJS[39m ⚡️ Build success in 236ms
[34mDTS[39m Build start
[32mDTS[39m ⚡️ Build success in 5940ms
[32mDTS[39m [1mdist\index.d.ts            [22m[32m290.03 KB[39m
[32mDTS[39m [1mdist\schema.d.ts           [22m[32m703.00 B[39m
[32mDTS[39m [1mdist\schema-ncKC8lWR.d.ts  [22m[32m20.53 KB[39m
[32mDTS[39m [1mdist\index.d.mts           [22m[32m290.03 KB[39m
[32mDTS[39m [1mdist\schema.d.mts          [22m[32m704.00 B[39m
[32mDTS[39m [1mdist\schema-ncKC8lWR.d.mts [22m[32m20.53 KB[39m
