
> user-dashboard@0.1.0 build C:\Users\Administrator\Desktop\indexnow-main\indexnow-dev\apps\user-dashboard
> next build --webpack

⚠ turbopack.root should be absolute, using: C:\Users\Administrator\Desktop\indexnow-main\indexnow-dev
▲ Next.js 16.1.4 (webpack)
- Environments: .env
- Experiments (use with caution):
  · clientTraceMetadata

⚠ The "middleware" file convention is deprecated. Please use "proxy" instead. Learn more: https://nextjs.org/docs/messages/middleware-to-proxy
  Creating an optimized production build ...
[@sentry/nextjs] It appears you've configured a `sentry.server.config.ts` file. Please ensure to put this file's content into the `register()` function of a Next.js instrumentation hook instead. To ensure correct functionality of the SDK, `Sentry.init` must be called inside `instrumentation.ts`. Learn more about setting up an instrumentation hook in Next.js: https://nextjs.org/docs/app/building-your-application/optimizing/instrumentation. You can safely delete the `sentry.server.config.ts` file afterward.
warn  - It seems like you don't have a global error handler set up. It is recommended that you add a global-error.js file with Sentry instrumentation so that React rendering errors are reported to Sentry. Read more: https://docs.sentry.io/platforms/javascript/guides/nextjs/manual-setup/#react-render-errors-in-app-router (you can suppress this warning by setting SENTRY_SUPPRESS_GLOBAL_ERROR_HANDLER_FILE_WARNING=1 as environment variable)
[@sentry/nextjs] The Sentry SDK has enabled source map generation for your Next.js app. If you don't want to serve Source Maps to your users, either set the `sourcemaps.deleteSourcemapsAfterUpload` option to true, or manually delete the source maps after the build. In future Sentry SDK versions `sourcemaps.deleteSourcemapsAfterUpload` will default to `true`. If you do not want to generate and upload sourcemaps, set the `sourcemaps.disable` option in `withSentryConfig()`.
(node:54816) [MODULE_TYPELESS_PACKAGE_JSON] Warning: Module type of file:///C:/Users/Administrator/Desktop/indexnow-main/indexnow-dev/packages/ui/tailwind.config.ts?id=1772106620438 is not specified and it doesn't parse as CommonJS.
Reparsing as ES module because module syntax was detected. This incurs a performance overhead.
To eliminate this warning, add "type": "module" to C:\Users\Administrator\Desktop\indexnow-main\indexnow-dev\packages\ui\package.json.
(Use `node --trace-warnings ...` to show where the warning was created)
✓ Compiled successfully in 25.0s
  Running TypeScript ...
  Collecting page data using 7 workers ...
  Generating static pages using 7 workers (0/13) ...
  Generating static pages using 7 workers (3/13) 
  Generating static pages using 7 workers (6/13) 
  Generating static pages using 7 workers (9/13) 
✓ Generating static pages using 7 workers (13/13) in 1270.5ms
  Finalizing page optimization ...
  Collecting build traces ...

Route (app)
┌ ○ /
├ ○ /_not-found
├ ○ /login
├ ○ /overview
├ ○ /rank-history
├ ○ /register
├ ○ /resend-verification
├ ○ /settings
├ ○ /settings/general
├ ○ /settings/plans-billing
├ ○ /settings/plans-billing/checkout
└ ƒ /settings/plans-billing/order/[id]


ƒ Proxy (Middleware)

○  (Static)   prerendered as static content
ƒ  (Dynamic)  server-rendered on demand

